[0m2021.11.01 12:30:40 INFO  Started: Metals version 0.10.8 in workspace '/home/gabriele/Documents/erasmus/courses/programming_languages/TDT4165_scala_project' for client Visual Studio Code 1.61.2.[0m
[0m2021.11.01 12:30:42 INFO  time: initialize in 2.37s[0m
[0m2021.11.01 12:30:43 WARN  Build server is not auto-connectable.[0m
[0m2021.11.01 12:30:43 WARN  no build target for: /home/gabriele/Documents/erasmus/courses/programming_languages/TDT4165_scala_project/delivery1/src/main/scala/Task2A.scala[0m
[0m2021.11.01 12:30:48 INFO  no build target: using presentation compiler with only scala-library: 3.1.0[0m
[0m2021.11.01 12:30:49 WARN  no build target for: /home/gabriele/Documents/erasmus/courses/programming_languages/TDT4165_scala_project/project_tasks/src/main/scala/Main.scala[0m
[0m2021.11.01 12:30:51 INFO  time: code lens generation in 1.74s[0m
[0m2021.11.01 12:30:51 INFO  time: code lens generation in 6.38s[0m
Nov 01, 2021 12:30:57 PM org.eclipse.lsp4j.jsonrpc.RemoteEndpoint handleCancellation
WARNING: Unmatched cancel notification for request id 13
[0m2021.11.01 12:31:12 WARN  no build target for: /home/gabriele/Documents/erasmus/courses/programming_languages/TDT4165_scala_project/delivery1/src/main/scala/Task2A.scala[0m
[0m2021.11.01 12:31:13 WARN  no build target for: /home/gabriele/Documents/erasmus/courses/programming_languages/TDT4165_scala_project/delivery1/src/main/scala/Task2A.scala[0m
[0m2021.11.01 12:31:20 WARN  no build target for: /home/gabriele/Documents/erasmus/courses/programming_languages/TDT4165_scala_project/delivery1/src/main/scala/Task2A.scala[0m
[0m2021.11.01 12:31:24 WARN  no build target for: /home/gabriele/Documents/erasmus/courses/programming_languages/TDT4165_scala_project/delivery1/src/main/scala/Task2A.scala[0m
[0m2021.11.01 12:31:30 WARN  no build target for: /home/gabriele/Documents/erasmus/courses/programming_languages/TDT4165_scala_project/delivery1/src/main/scala/Task2A.scala[0m
[0m2021.11.01 12:32:01 WARN  no build target for: /home/gabriele/Documents/erasmus/courses/programming_languages/TDT4165_scala_project/delivery1/src/main/scala/Task2A.scala[0m
[0m2021.11.01 12:32:04 WARN  no build target for: /home/gabriele/Documents/erasmus/courses/programming_languages/TDT4165_scala_project/delivery1/src/main/scala/Task2A.scala[0m
[0m2021.11.01 12:32:53 WARN  no build target for: /home/gabriele/Documents/erasmus/courses/programming_languages/TDT4165_scala_project/delivery1/src/main/scala/Task2A.scala[0m
[0m2021.11.01 12:32:55 WARN  no build target for: /home/gabriele/Documents/erasmus/courses/programming_languages/TDT4165_scala_project/delivery1/src/main/scala/Task2A.scala[0m
[0m2021.11.01 12:33:03 WARN  no build target for: /home/gabriele/Documents/erasmus/courses/programming_languages/TDT4165_scala_project/delivery1/src/main/scala/Task2A.scala[0m
[0m2021.11.01 12:33:04 WARN  no build target for: /home/gabriele/Documents/erasmus/courses/programming_languages/TDT4165_scala_project/delivery1/src/main/scala/Task2A.scala[0m
[0m2021.11.01 12:33:07 WARN  no build target for: /home/gabriele/Documents/erasmus/courses/programming_languages/TDT4165_scala_project/delivery1/src/main/scala/Task2A.scala[0m
[0m2021.11.01 12:33:14 WARN  no build target for: /home/gabriele/Documents/erasmus/courses/programming_languages/TDT4165_scala_project/delivery1/src/main/scala/Task2A.scala[0m
[0m2021.11.01 12:33:21 WARN  no build target for: /home/gabriele/Documents/erasmus/courses/programming_languages/TDT4165_scala_project/delivery1/src/main/scala/Task2A.scala[0m
[0m2021.11.01 12:33:23 WARN  no build target for: /home/gabriele/Documents/erasmus/courses/programming_languages/TDT4165_scala_project/delivery1/src/main/scala/Task2A.scala[0m
[0m2021.11.01 12:33:38 WARN  no build target for: /home/gabriele/Documents/erasmus/courses/programming_languages/TDT4165_scala_project/delivery1/src/main/scala/Task2A.scala[0m
[0m2021.11.01 12:33:41 WARN  no build target for: /home/gabriele/Documents/erasmus/courses/programming_languages/TDT4165_scala_project/delivery1/src/main/scala/Task2A.scala[0m
[0m2021.11.01 12:33:48 WARN  no build target for: /home/gabriele/Documents/erasmus/courses/programming_languages/TDT4165_scala_project/delivery1/src/main/scala/Task2A.scala[0m
[0m2021.11.01 12:33:51 WARN  no build target for: /home/gabriele/Documents/erasmus/courses/programming_languages/TDT4165_scala_project/delivery1/src/main/scala/Task2A.scala[0m
[0m2021.11.01 12:33:58 WARN  no build target for: /home/gabriele/Documents/erasmus/courses/programming_languages/TDT4165_scala_project/delivery1/src/main/scala/Task2A.scala[0m
[0m2021.11.01 12:34:07 WARN  no build target for: /home/gabriele/Documents/erasmus/courses/programming_languages/TDT4165_scala_project/delivery1/src/main/scala/Task2A.scala[0m
[0m2021.11.01 12:34:09 WARN  no build target for: /home/gabriele/Documents/erasmus/courses/programming_languages/TDT4165_scala_project/delivery1/src/main/scala/Task2A.scala[0m
[0m2021.11.01 12:34:14 WARN  no build target for: /home/gabriele/Documents/erasmus/courses/programming_languages/TDT4165_scala_project/delivery1/src/main/scala/Task2A.scala[0m
[0m2021.11.01 12:34:14 WARN  no build target for: /home/gabriele/Documents/erasmus/courses/programming_languages/TDT4165_scala_project/delivery1/src/main/scala/Task2A.scala[0m
[0m2021.11.01 12:34:21 WARN  no build target for: /home/gabriele/Documents/erasmus/courses/programming_languages/TDT4165_scala_project/delivery1/src/main/scala/Task2A.scala[0m
[0m2021.11.01 12:35:14 WARN  no build target for: /home/gabriele/Documents/erasmus/courses/programming_languages/TDT4165_scala_project/delivery1/src/main/scala/Task2A.scala[0m
[0m2021.11.01 12:35:18 WARN  no build target for: /home/gabriele/Documents/erasmus/courses/programming_languages/TDT4165_scala_project/delivery1/src/main/scala/Task2A.scala[0m
[0m2021.11.01 12:35:18 WARN  no build target for: /home/gabriele/Documents/erasmus/courses/programming_languages/TDT4165_scala_project/delivery1/src/main/scala/Task2A.scala[0m
[0m2021.11.01 12:35:49 WARN  no build target for: /home/gabriele/Documents/erasmus/courses/programming_languages/TDT4165_scala_project/delivery1/src/main/scala/Task2A.scala[0m
[0m2021.11.01 12:36:02 WARN  no build target for: /home/gabriele/Documents/erasmus/courses/programming_languages/TDT4165_scala_project/delivery1/src/main/scala/Task2A.scala[0m
[0m2021.11.01 12:36:06 WARN  no build target for: /home/gabriele/Documents/erasmus/courses/programming_languages/TDT4165_scala_project/delivery1/src/main/scala/Task2A.scala[0m
[0m2021.11.01 12:36:07 WARN  no build target for: /home/gabriele/Documents/erasmus/courses/programming_languages/TDT4165_scala_project/delivery1/src/main/scala/Task2A.scala[0m
[0m2021.11.01 12:36:09 WARN  no build target for: /home/gabriele/Documents/erasmus/courses/programming_languages/TDT4165_scala_project/delivery1/src/main/scala/Task2A.scala[0m
[0m2021.11.01 12:36:14 WARN  no build target for: /home/gabriele/Documents/erasmus/courses/programming_languages/TDT4165_scala_project/delivery1/src/main/scala/Task2A.scala[0m
[0m2021.11.01 12:36:14 WARN  no build target for: /home/gabriele/Documents/erasmus/courses/programming_languages/TDT4165_scala_project/delivery1/src/main/scala/Task2A.scala[0m
[0m2021.11.01 12:36:26 WARN  no build target for: /home/gabriele/Documents/erasmus/courses/programming_languages/TDT4165_scala_project/delivery1/src/main/scala/Task2A.scala[0m
[0m2021.11.01 12:36:28 WARN  no build target for: /home/gabriele/Documents/erasmus/courses/programming_languages/TDT4165_scala_project/delivery1/src/main/scala/Task2A.scala[0m
[0m2021.11.01 12:36:42 WARN  no build target for: /home/gabriele/Documents/erasmus/courses/programming_languages/TDT4165_scala_project/delivery1/src/main/scala/Task2A.scala[0m
[0m2021.11.01 12:36:42 WARN  no build target for: /home/gabriele/Documents/erasmus/courses/programming_languages/TDT4165_scala_project/delivery1/src/main/scala/Task2A.scala[0m
[0m2021.11.01 12:38:13 WARN  no build target for: /home/gabriele/Documents/erasmus/courses/programming_languages/TDT4165_scala_project/delivery1/src/main/scala/Task2A.scala[0m
[0m2021.11.01 12:38:57 WARN  no build target for: /home/gabriele/Documents/erasmus/courses/programming_languages/TDT4165_scala_project/delivery1/src/main/scala/Task2A.scala[0m
[0m2021.11.01 12:39:54 WARN  no build target for: /home/gabriele/Documents/erasmus/courses/programming_languages/TDT4165_scala_project/delivery1/src/main/scala/Task2A.scala[0m
[0m2021.11.01 12:39:57 WARN  no build target for: /home/gabriele/Documents/erasmus/courses/programming_languages/TDT4165_scala_project/delivery1/src/main/scala/Task2A.scala[0m
[0m2021.11.01 12:39:57 WARN  no build target for: /home/gabriele/Documents/erasmus/courses/programming_languages/TDT4165_scala_project/delivery1/src/main/scala/Task2A.scala[0m
Nov 01, 2021 12:40:01 PM org.eclipse.lsp4j.jsonrpc.RemoteEndpoint handleCancellation
WARNING: Unmatched cancel notification for request id 497
Nov 01, 2021 12:40:13 PM org.eclipse.lsp4j.jsonrpc.RemoteEndpoint handleCancellation
WARNING: Unmatched cancel notification for request id 513
[0m2021.11.01 12:40:18 WARN  no build target for: /home/gabriele/Documents/erasmus/courses/programming_languages/TDT4165_scala_project/delivery1/src/main/scala/Task2A.scala[0m
[0m2021.11.01 12:40:20 WARN  no build target for: /home/gabriele/Documents/erasmus/courses/programming_languages/TDT4165_scala_project/delivery1/src/main/scala/Task2A.scala[0m
[0m2021.11.01 12:40:20 WARN  no build target for: /home/gabriele/Documents/erasmus/courses/programming_languages/TDT4165_scala_project/delivery1/src/main/scala/Task2A.scala[0m
[0m2021.11.01 12:40:24 WARN  no build target for: /home/gabriele/Documents/erasmus/courses/programming_languages/TDT4165_scala_project/delivery1/src/main/scala/Task2A.scala[0m
[0m2021.11.01 12:40:33 WARN  no build target for: /home/gabriele/Documents/erasmus/courses/programming_languages/TDT4165_scala_project/delivery1/src/main/scala/Task2A.scala[0m
[0m2021.11.01 12:41:01 WARN  no build target for: /home/gabriele/Documents/erasmus/courses/programming_languages/TDT4165_scala_project/delivery1/src/main/scala/Task2A.scala[0m
[0m2021.11.01 12:41:35 WARN  no build target for: /home/gabriele/Documents/erasmus/courses/programming_languages/TDT4165_scala_project/delivery1/src/main/scala/Task2A.scala[0m
[0m2021.11.01 12:41:38 WARN  no build target for: /home/gabriele/Documents/erasmus/courses/programming_languages/TDT4165_scala_project/delivery1/src/main/scala/Task2A.scala[0m
[0m2021.11.01 12:41:40 WARN  no build target for: /home/gabriele/Documents/erasmus/courses/programming_languages/TDT4165_scala_project/delivery1/src/main/scala/Task2A.scala[0m
[0m2021.11.01 12:41:40 WARN  no build target for: /home/gabriele/Documents/erasmus/courses/programming_languages/TDT4165_scala_project/delivery1/src/main/scala/Task2A.scala[0m
[0m2021.11.01 12:42:27 WARN  no build target for: /home/gabriele/Documents/erasmus/courses/programming_languages/TDT4165_scala_project/delivery1/src/main/scala/Task2A.scala[0m
[0m2021.11.01 12:42:30 WARN  no build target for: /home/gabriele/Documents/erasmus/courses/programming_languages/TDT4165_scala_project/delivery1/src/main/scala/Task2A.scala[0m
[0m2021.11.01 12:42:32 WARN  no build target for: /home/gabriele/Documents/erasmus/courses/programming_languages/TDT4165_scala_project/delivery1/src/main/scala/Task2A.scala[0m
[0m2021.11.01 12:43:03 WARN  no build target for: /home/gabriele/Documents/erasmus/courses/programming_languages/TDT4165_scala_project/delivery1/src/main/scala/Task2A.scala[0m
[0m2021.11.01 12:43:05 WARN  no build target for: /home/gabriele/Documents/erasmus/courses/programming_languages/TDT4165_scala_project/delivery1/src/main/scala/Task2A.scala[0m
[0m2021.11.01 12:43:10 WARN  no build target for: /home/gabriele/Documents/erasmus/courses/programming_languages/TDT4165_scala_project/delivery1/src/main/scala/Task2A.scala[0m
[0m2021.11.01 12:43:51 WARN  no build target for: /home/gabriele/Documents/erasmus/courses/programming_languages/TDT4165_scala_project/delivery1/src/main/scala/Task2A.scala[0m
[0m2021.11.01 12:44:03 WARN  no build target for: /home/gabriele/Documents/erasmus/courses/programming_languages/TDT4165_scala_project/delivery1/src/main/scala/Task2A.scala[0m
[0m2021.11.01 12:44:21 WARN  no build target for: /home/gabriele/Documents/erasmus/courses/programming_languages/TDT4165_scala_project/delivery1/src/main/scala/Task2A.scala[0m
[0m2021.11.01 12:45:30 WARN  no build target for: /home/gabriele/Documents/erasmus/courses/programming_languages/TDT4165_scala_project/delivery1/src/main/scala/Task2A.scala[0m
[0m2021.11.01 12:46:47 WARN  no build target for: /home/gabriele/Documents/erasmus/courses/programming_languages/TDT4165_scala_project/delivery1/src/main/scala/Task2A.scala[0m
